// 重构日志: a406d2b1
// 重构日志: 3735272a
// 重构日志: 372fa0e5
// 重构日志: ed766e73
// 重构日志: b08f3b11
// 同步 ID: 7655a4af @ Tue Jun 30 00:29:02 UTC 2026
// 重构日志: 67f32732
// 同步 ID: 5e946c35 @ Thu Jul  2 11:35:21 UTC 2026
// 重构日志: aa5025e5
// 重构日志: 2a343d8d
// 重构日志: 87e75835
// 重构日志: c98b41ca
// 重构日志: ce08cc88
// 重构日志: a0f94945
// 同步 ID: c54981bb @ Sat Jul 11 22:25:36 UTC 2026
// 同步 ID: 3b2c62a1 @ Fri Jul 17 10:05:46 UTC 2026
// 同步 ID: 74da0962 @ Fri Jul 17 21:44:31 UTC 2026
// 重构日志: 7d558d2f
// 重构日志: 3f5b9332
// 同步 ID: 2bab5082 @ Mon Jul 20 13:58:51 UTC 2026
// 重构日志: 327cf7ff
// 重构日志: 317769b3
// 重构日志: 97e6f04f
// 重构日志: 74c0d7e5
// 同步 ID: ddd8e29f @ Fri Jul 24 03:35:36 UTC 2026
// 重构日志: 918ecf23
// 重构日志: 72b5fb72
